{"uid":"ade296947087f4dc","name":"User should be able to start build","fullName":"ru.gordeev.teamcity.api.BuildQueueTest.triggerBuildTest","historyId":"5248fe47907b220f7c013fda4a8b1116","time":{"start":1732398615424,"stop":1732398632279,"duration":16855},"status":"broken","statusMessage":"Lambda expression in ru.gordeev.teamcity.api.utils.PollingUtils expected the predicate to return <true> but it returned <false> for input of <Build(buildType=BuildType(id=test_zXrlgMzDmA, name=test_WsIHYWpGXd, project=null, steps=null), id=1, state=QUEUED, status=null, href=/app/rest/buildQueue/id:1, waitReason=There are no idle compatible agents which can run this build)> within 15 seconds.","statusTrace":"org.awaitility.core.ConditionTimeoutException: Lambda expression in ru.gordeev.teamcity.api.utils.PollingUtils expected the predicate to return <true> but it returned <false> for input of <Build(buildType=BuildType(id=test_zXrlgMzDmA, name=test_WsIHYWpGXd, project=null, steps=null), id=1, state=QUEUED, status=null, href=/app/rest/buildQueue/id:1, waitReason=There are no idle compatible agents which can run this build)> within 15 seconds.\n\tat org.awaitility.core.ConditionAwaiter.await(ConditionAwaiter.java:167)\n\tat org.awaitility.core.AbstractHamcrestCondition.await(AbstractHamcrestCondition.java:86)\n\tat org.awaitility.core.ConditionFactory.until(ConditionFactory.java:1006)\n\tat org.awaitility.core.ConditionFactory.until(ConditionFactory.java:712)\n\tat org.awaitility.core.ConditionFactory.until(ConditionFactory.java:729)\n\tat ru.gordeev.teamcity.api.utils.PollingUtils.waitForCondition(PollingUtils.java:27)\n\tat ru.gordeev.teamcity.api.utils.PollingUtils.waitForCondition(PollingUtils.java:18)\n\tat ru.gordeev.teamcity.api.BuildQueueTest.triggerBuildTest(BuildQueueTest.java:53)\n\tat java.base/jdk.internal.reflect.DirectMethodHandleAccessor.invoke(DirectMethodHandleAccessor.java:103)\n\tat java.base/java.lang.reflect.Method.invoke(Method.java:580)\n\tat org.testng.internal.invokers.MethodInvocationHelper.invokeMethod(MethodInvocationHelper.java:141)\n\tat org.testng.internal.invokers.TestInvoker.invokeMethod(TestInvoker.java:686)\n\tat org.testng.internal.invokers.TestInvoker.invokeTestMethod(TestInvoker.java:230)\n\tat org.testng.internal.invokers.MethodRunner.runInSequence(MethodRunner.java:63)\n\tat org.testng.internal.invokers.TestInvoker$MethodInvocationAgent.invoke(TestInvoker.java:992)\n\tat org.testng.internal.invokers.TestInvoker.invokeTestMethods(TestInvoker.java:203)\n\tat org.testng.internal.invokers.TestMethodWorker.invokeTestMethods(TestMethodWorker.java:154)\n\tat org.testng.internal.invokers.TestMethodWorker.run(TestMethodWorker.java:134)\n\tat java.base/java.util.ArrayList.forEach(ArrayList.java:1596)\n\tat org.testng.TestRunner.privateRun(TestRunner.java:739)\n\tat org.testng.TestRunner.run(TestRunner.java:614)\n\tat org.testng.SuiteRunner.runTest(SuiteRunner.java:421)\n\tat org.testng.SuiteRunner.runSequentially(SuiteRunner.java:413)\n\tat org.testng.SuiteRunner.privateRun(SuiteRunner.java:373)\n\tat org.testng.SuiteRunner.run(SuiteRunner.java:312)\n\tat org.testng.SuiteRunnerWorker.runSuite(SuiteRunnerWorker.java:52)\n\tat org.testng.SuiteRunnerWorker.run(SuiteRunnerWorker.java:95)\n\tat org.testng.TestNG.runSuitesSequentially(TestNG.java:1274)\n\tat org.testng.TestNG.runSuitesLocally(TestNG.java:1208)\n\tat org.testng.TestNG.runSuites(TestNG.java:1112)\n\tat org.testng.TestNG.run(TestNG.java:1079)\n\tat org.apache.maven.surefire.testng.TestNGExecutor.run(TestNGExecutor.java:155)\n\tat org.apache.maven.surefire.testng.TestNGDirectoryTestSuite.executeMulti(TestNGDirectoryTestSuite.java:169)\n\tat org.apache.maven.surefire.testng.TestNGDirectoryTestSuite.execute(TestNGDirectoryTestSuite.java:88)\n\tat org.apache.maven.surefire.testng.TestNGProvider.invoke(TestNGProvider.java:137)\n\tat org.apache.maven.surefire.booter.ForkedBooter.runSuitesInProcess(ForkedBooter.java:385)\n\tat org.apache.maven.surefire.booter.ForkedBooter.execute(ForkedBooter.java:162)\n\tat org.apache.maven.surefire.booter.ForkedBooter.run(ForkedBooter.java:507)\n\tat org.apache.maven.surefire.booter.ForkedBooter.main(ForkedBooter.java:495)\n","flaky":false,"newFailed":false,"newBroken":false,"newPassed":false,"retriesCount":0,"retriesStatusChange":false,"beforeStages":[{"name":"beforeTest","time":{"start":1732398615421,"stop":1732398615422,"duration":1},"description":"","status":"passed","steps":[],"attachments":[],"parameters":[],"shouldDisplayMessage":false,"stepsCount":0,"attachmentsCount":0,"hasContent":false}],"testStage":{"status":"broken","statusMessage":"Lambda expression in ru.gordeev.teamcity.api.utils.PollingUtils expected the predicate to return <true> but it returned <false> for input of <Build(buildType=BuildType(id=test_zXrlgMzDmA, name=test_WsIHYWpGXd, project=null, steps=null), id=1, state=QUEUED, status=null, href=/app/rest/buildQueue/id:1, waitReason=There are no idle compatible agents which can run this build)> within 15 seconds.","statusTrace":"org.awaitility.core.ConditionTimeoutException: Lambda expression in ru.gordeev.teamcity.api.utils.PollingUtils expected the predicate to return <true> but it returned <false> for input of <Build(buildType=BuildType(id=test_zXrlgMzDmA, name=test_WsIHYWpGXd, project=null, steps=null), id=1, state=QUEUED, status=null, href=/app/rest/buildQueue/id:1, waitReason=There are no idle compatible agents which can run this build)> within 15 seconds.\n\tat org.awaitility.core.ConditionAwaiter.await(ConditionAwaiter.java:167)\n\tat org.awaitility.core.AbstractHamcrestCondition.await(AbstractHamcrestCondition.java:86)\n\tat org.awaitility.core.ConditionFactory.until(ConditionFactory.java:1006)\n\tat org.awaitility.core.ConditionFactory.until(ConditionFactory.java:712)\n\tat org.awaitility.core.ConditionFactory.until(ConditionFactory.java:729)\n\tat ru.gordeev.teamcity.api.utils.PollingUtils.waitForCondition(PollingUtils.java:27)\n\tat ru.gordeev.teamcity.api.utils.PollingUtils.waitForCondition(PollingUtils.java:18)\n\tat ru.gordeev.teamcity.api.BuildQueueTest.triggerBuildTest(BuildQueueTest.java:53)\n\tat java.base/jdk.internal.reflect.DirectMethodHandleAccessor.invoke(DirectMethodHandleAccessor.java:103)\n\tat java.base/java.lang.reflect.Method.invoke(Method.java:580)\n\tat org.testng.internal.invokers.MethodInvocationHelper.invokeMethod(MethodInvocationHelper.java:141)\n\tat org.testng.internal.invokers.TestInvoker.invokeMethod(TestInvoker.java:686)\n\tat org.testng.internal.invokers.TestInvoker.invokeTestMethod(TestInvoker.java:230)\n\tat org.testng.internal.invokers.MethodRunner.runInSequence(MethodRunner.java:63)\n\tat org.testng.internal.invokers.TestInvoker$MethodInvocationAgent.invoke(TestInvoker.java:992)\n\tat org.testng.internal.invokers.TestInvoker.invokeTestMethods(TestInvoker.java:203)\n\tat org.testng.internal.invokers.TestMethodWorker.invokeTestMethods(TestMethodWorker.java:154)\n\tat org.testng.internal.invokers.TestMethodWorker.run(TestMethodWorker.java:134)\n\tat java.base/java.util.ArrayList.forEach(ArrayList.java:1596)\n\tat org.testng.TestRunner.privateRun(TestRunner.java:739)\n\tat org.testng.TestRunner.run(TestRunner.java:614)\n\tat org.testng.SuiteRunner.runTest(SuiteRunner.java:421)\n\tat org.testng.SuiteRunner.runSequentially(SuiteRunner.java:413)\n\tat org.testng.SuiteRunner.privateRun(SuiteRunner.java:373)\n\tat org.testng.SuiteRunner.run(SuiteRunner.java:312)\n\tat org.testng.SuiteRunnerWorker.runSuite(SuiteRunnerWorker.java:52)\n\tat org.testng.SuiteRunnerWorker.run(SuiteRunnerWorker.java:95)\n\tat org.testng.TestNG.runSuitesSequentially(TestNG.java:1274)\n\tat org.testng.TestNG.runSuitesLocally(TestNG.java:1208)\n\tat org.testng.TestNG.runSuites(TestNG.java:1112)\n\tat org.testng.TestNG.run(TestNG.java:1079)\n\tat org.apache.maven.surefire.testng.TestNGExecutor.run(TestNGExecutor.java:155)\n\tat org.apache.maven.surefire.testng.TestNGDirectoryTestSuite.executeMulti(TestNGDirectoryTestSuite.java:169)\n\tat org.apache.maven.surefire.testng.TestNGDirectoryTestSuite.execute(TestNGDirectoryTestSuite.java:88)\n\tat org.apache.maven.surefire.testng.TestNGProvider.invoke(TestNGProvider.java:137)\n\tat org.apache.maven.surefire.booter.ForkedBooter.runSuitesInProcess(ForkedBooter.java:385)\n\tat org.apache.maven.surefire.booter.ForkedBooter.execute(ForkedBooter.java:162)\n\tat org.apache.maven.surefire.booter.ForkedBooter.run(ForkedBooter.java:507)\n\tat org.apache.maven.surefire.booter.ForkedBooter.main(ForkedBooter.java:495)\n","steps":[],"attachments":[{"uid":"46412a336a97be6e","name":"Request","source":"46412a336a97be6e.html","type":"text/html","size":1305},{"uid":"701233ad5e8331ea","name":"HTTP/1.1 200 ","source":"701233ad5e8331ea.html","type":"text/html","size":2117},{"uid":"10862ae4bb922d28","name":"Request","source":"10862ae4bb922d28.html","type":"text/html","size":877},{"uid":"5286ae99680b9619","name":"HTTP/1.1 200 ","source":"5286ae99680b9619.html","type":"text/html","size":2218},{"uid":"7b4f59999753d2f7","name":"Request","source":"7b4f59999753d2f7.html","type":"text/html","size":1245},{"uid":"16f245f54e083584","name":"HTTP/1.1 200 ","source":"16f245f54e083584.html","type":"text/html","size":2945},{"uid":"c7138704e4d5bf0d","name":"Request","source":"c7138704e4d5bf0d.html","type":"text/html","size":3421},{"uid":"d52f1037f7b6f686","name":"HTTP/1.1 200 ","source":"d52f1037f7b6f686.html","type":"text/html","size":2292},{"uid":"3ab7be5949e2aab7","name":"Request","source":"3ab7be5949e2aab7.html","type":"text/html","size":582},{"uid":"83ae7d28922da839","name":"HTTP/1.1 200 ","source":"83ae7d28922da839.html","type":"text/html","size":2292},{"uid":"1fccc7b18b6d03e2","name":"Request","source":"1fccc7b18b6d03e2.html","type":"text/html","size":582},{"uid":"936d343e78a5a731","name":"HTTP/1.1 200 ","source":"936d343e78a5a731.html","type":"text/html","size":2292},{"uid":"c306c00a726dc9af","name":"Request","source":"c306c00a726dc9af.html","type":"text/html","size":582},{"uid":"2f6127285e71c107","name":"HTTP/1.1 200 ","source":"2f6127285e71c107.html","type":"text/html","size":2292},{"uid":"9a66db02e72646d9","name":"Request","source":"9a66db02e72646d9.html","type":"text/html","size":582},{"uid":"82ce6006d4752f9c","name":"HTTP/1.1 200 ","source":"82ce6006d4752f9c.html","type":"text/html","size":2292}],"parameters":[],"shouldDisplayMessage":true,"stepsCount":0,"attachmentsCount":16,"hasContent":true},"afterStages":[{"name":"afterTest","time":{"start":1732398632284,"stop":1732398632474,"duration":190},"description":"","status":"passed","steps":[],"attachments":[{"uid":"542c77a72d5f538e","name":"Request","source":"542c77a72d5f538e.html","type":"text/html","size":620},{"uid":"7f9d003a92854f2e","name":"HTTP/1.1 204 ","source":"7f9d003a92854f2e.html","type":"text/html","size":478},{"uid":"93238fa571a9ff49","name":"Request","source":"93238fa571a9ff49.html","type":"text/html","size":616},{"uid":"39c4d725179e6121","name":"HTTP/1.1 204 ","source":"39c4d725179e6121.html","type":"text/html","size":478},{"uid":"577d21a83ae61b4b","name":"Request","source":"577d21a83ae61b4b.html","type":"text/html","size":582},{"uid":"a694501cfd28ea5b","name":"HTTP/1.1 204 ","source":"a694501cfd28ea5b.html","type":"text/html","size":478}],"parameters":[],"shouldDisplayMessage":false,"stepsCount":0,"attachmentsCount":6,"hasContent":true}],"labels":[{"name":"package","value":"ru.gordeev.teamcity.api.BuildQueueTest"},{"name":"testClass","value":"ru.gordeev.teamcity.api.BuildQueueTest"},{"name":"testMethod","value":"triggerBuildTest"},{"name":"parentSuite","value":"Surefire suite"},{"name":"suite","value":"Surefire test"},{"name":"subSuite","value":"ru.gordeev.teamcity.api.BuildQueueTest"},{"name":"host","value":"fv-az2036-869"},{"name":"thread","value":"4192@fv-az2036-869.main(1)"},{"name":"framework","value":"testng"},{"name":"language","value":"java"},{"name":"resultFormat","value":"allure2"}],"parameters":[],"links":[],"hidden":false,"retry":false,"extra":{"severity":"normal","retries":[],"categories":[{"name":"Test defects","matchedStatuses":[],"flaky":false}],"history":{"statistic":{"failed":0,"broken":2,"skipped":0,"passed":0,"unknown":0,"total":2},"items":[{"uid":"309520fff30f4406","reportUrl":"https://vellgordeev.github.io/teamcity-autotests/api/11//#testresult/309520fff30f4406","status":"broken","statusDetails":"Lambda expression in ru.gordeev.teamcity.api.utils.PollingUtils expected the predicate to return <true> but it returned <false> for input of <Build(buildType=BuildType(id=test_KMjXsUvhOH, name=test_LROmwlDrGP, project=null, steps=null), id=1, state=QUEUED, status=null, href=/app/rest/buildQueue/id:1, waitReason=There are no idle compatible agents which can run this build)> within 15 seconds.","time":{"start":1732397151905,"stop":1732397168887,"duration":16982}}]},"tags":[]},"source":"ade296947087f4dc.json","parameterValues":[]}